<?xml version="1.0" encoding="UTF-8"?>
<testsuites>
  <testsuite name="/app/phpunit.xml" tests="12" assertions="0" errors="12" failures="0" skipped="0" time="0.000000">
    <testsuite name="Session 03 - Factory Pattern" tests="12" assertions="0" errors="12" failures="0" skipped="0" time="0.000000">
      <testsuite name="NotificationServiceTest" file="/app/challenges/session-03/tests/NotificationServiceTest.php" tests="12" assertions="0" errors="12" failures="0" skipped="0" time="0.000000">
        <testcase name="testSendEmailNotificationSuccess" file="/app/challenges/session-03/tests/NotificationServiceTest.php" line="33" class="NotificationServiceTest" classname="NotificationServiceTest" assertions="0" time="0.000000">
          <error type="PHPUnit\Framework\MockObject\Generator\UnknownTypeException">NotificationServiceTest::testSendEmailNotificationSuccess
PHPUnit\Framework\MockObject\Generator\UnknownTypeException: Class or interface "NotificationFactory" does not exist

/app/challenges/session-03/tests/NotificationServiceTest.php:20</error>
        </testcase>
        <testcase name="testSendSmsNotificationSuccess" file="/app/challenges/session-03/tests/NotificationServiceTest.php" line="85" class="NotificationServiceTest" classname="NotificationServiceTest" assertions="0" time="0.000000">
          <error type="PHPUnit\Framework\MockObject\Generator\UnknownTypeException">NotificationServiceTest::testSendSmsNotificationSuccess
PHPUnit\Framework\MockObject\Generator\UnknownTypeException: Class or interface "NotificationFactory" does not exist

/app/challenges/session-03/tests/NotificationServiceTest.php:20</error>
        </testcase>
        <testcase name="testSendPushNotificationSuccess" file="/app/challenges/session-03/tests/NotificationServiceTest.php" line="118" class="NotificationServiceTest" classname="NotificationServiceTest" assertions="0" time="0.000000">
          <error type="PHPUnit\Framework\MockObject\Generator\UnknownTypeException">NotificationServiceTest::testSendPushNotificationSuccess
PHPUnit\Framework\MockObject\Generator\UnknownTypeException: Class or interface "NotificationFactory" does not exist

/app/challenges/session-03/tests/NotificationServiceTest.php:20</error>
        </testcase>
        <testcase name="testSendSlackNotificationSuccess" file="/app/challenges/session-03/tests/NotificationServiceTest.php" line="152" class="NotificationServiceTest" classname="NotificationServiceTest" assertions="0" time="0.000000">
          <error type="PHPUnit\Framework\MockObject\Generator\UnknownTypeException">NotificationServiceTest::testSendSlackNotificationSuccess
PHPUnit\Framework\MockObject\Generator\UnknownTypeException: Class or interface "NotificationFactory" does not exist

/app/challenges/session-03/tests/NotificationServiceTest.php:20</error>
        </testcase>
        <testcase name="testSendDiscordNotificationSuccess" file="/app/challenges/session-03/tests/NotificationServiceTest.php" line="186" class="NotificationServiceTest" classname="NotificationServiceTest" assertions="0" time="0.000000">
          <error type="PHPUnit\Framework\MockObject\Generator\UnknownTypeException">NotificationServiceTest::testSendDiscordNotificationSuccess
PHPUnit\Framework\MockObject\Generator\UnknownTypeException: Class or interface "NotificationFactory" does not exist

/app/challenges/session-03/tests/NotificationServiceTest.php:20</error>
        </testcase>
        <testcase name="testSendNotificationFailure" file="/app/challenges/session-03/tests/NotificationServiceTest.php" line="220" class="NotificationServiceTest" classname="NotificationServiceTest" assertions="0" time="0.000000">
          <error type="PHPUnit\Framework\MockObject\Generator\UnknownTypeException">NotificationServiceTest::testSendNotificationFailure
PHPUnit\Framework\MockObject\Generator\UnknownTypeException: Class or interface "NotificationFactory" does not exist

/app/challenges/session-03/tests/NotificationServiceTest.php:20</error>
        </testcase>
        <testcase name="testSendNotificationFactoryException" file="/app/challenges/session-03/tests/NotificationServiceTest.php" line="262" class="NotificationServiceTest" classname="NotificationServiceTest" assertions="0" time="0.000000">
          <error type="PHPUnit\Framework\MockObject\Generator\UnknownTypeException">NotificationServiceTest::testSendNotificationFactoryException
PHPUnit\Framework\MockObject\Generator\UnknownTypeException: Class or interface "NotificationFactory" does not exist

/app/challenges/session-03/tests/NotificationServiceTest.php:20</error>
        </testcase>
        <testcase name="testSendBulkNotification" file="/app/challenges/session-03/tests/NotificationServiceTest.php" line="296" class="NotificationServiceTest" classname="NotificationServiceTest" assertions="0" time="0.000000">
          <error type="PHPUnit\Framework\MockObject\Generator\UnknownTypeException">NotificationServiceTest::testSendBulkNotification
PHPUnit\Framework\MockObject\Generator\UnknownTypeException: Class or interface "NotificationFactory" does not exist

/app/challenges/session-03/tests/NotificationServiceTest.php:20</error>
        </testcase>
        <testcase name="testSendNotificationWithRetry" file="/app/challenges/session-03/tests/NotificationServiceTest.php" line="330" class="NotificationServiceTest" classname="NotificationServiceTest" assertions="0" time="0.000000">
          <error type="PHPUnit\Framework\MockObject\Generator\UnknownTypeException">NotificationServiceTest::testSendNotificationWithRetry
PHPUnit\Framework\MockObject\Generator\UnknownTypeException: Class or interface "NotificationFactory" does not exist

/app/challenges/session-03/tests/NotificationServiceTest.php:20</error>
        </testcase>
        <testcase name="testSendNotificationWithRetryFailure" file="/app/challenges/session-03/tests/NotificationServiceTest.php" line="363" class="NotificationServiceTest" classname="NotificationServiceTest" assertions="0" time="0.000000">
          <error type="PHPUnit\Framework\MockObject\Generator\UnknownTypeException">NotificationServiceTest::testSendNotificationWithRetryFailure
PHPUnit\Framework\MockObject\Generator\UnknownTypeException: Class or interface "NotificationFactory" does not exist

/app/challenges/session-03/tests/NotificationServiceTest.php:20</error>
        </testcase>
        <testcase name="testSendNotificationWithRetryException" file="/app/challenges/session-03/tests/NotificationServiceTest.php" line="396" class="NotificationServiceTest" classname="NotificationServiceTest" assertions="0" time="0.000000">
          <error type="PHPUnit\Framework\MockObject\Generator\UnknownTypeException">NotificationServiceTest::testSendNotificationWithRetryException
PHPUnit\Framework\MockObject\Generator\UnknownTypeException: Class or interface "NotificationFactory" does not exist

/app/challenges/session-03/tests/NotificationServiceTest.php:20</error>
        </testcase>
        <testcase name="testGetNotificationStats" file="/app/challenges/session-03/tests/NotificationServiceTest.php" line="429" class="NotificationServiceTest" classname="NotificationServiceTest" assertions="0" time="0.000000">
          <error type="PHPUnit\Framework\MockObject\Generator\UnknownTypeException">NotificationServiceTest::testGetNotificationStats
PHPUnit\Framework\MockObject\Generator\UnknownTypeException: Class or interface "NotificationFactory" does not exist

/app/challenges/session-03/tests/NotificationServiceTest.php:20</error>
        </testcase>
      </testsuite>
    </testsuite>
  </testsuite>
</testsuites>
